<?xml version="1.0" encoding="UTF-8"?>
<testng-results ignored="0" total="1" passed="1" failed="0" skipped="0">
  <reporter-output>
  </reporter-output>
  <suite started-at="2026-07-01T16:15:23 IST" name="Default suite" finished-at="2026-07-01T16:15:30 IST" duration-ms="6523">
    <groups>
    </groups>
    <test started-at="2026-07-01T16:15:23 IST" name="Default test" finished-at="2026-07-01T16:15:30 IST" duration-ms="6523">
      <class name="DeleteAPIs.DeleteUser">
        <test-method signature="deleteUserTest()[pri:0, instance:DeleteAPIs.DeleteUser@524d6d96]" started-at="2026-07-01T16:15:23 IST" name="deleteUserTest" finished-at="2026-07-01T16:15:30 IST" duration-ms="6463" status="PASS">
          <reporter-output>
          </reporter-output>
        </test-method> <!-- deleteUserTest -->
      </class> <!-- DeleteAPIs.DeleteUser -->
    </test> <!-- Default test -->
  </suite> <!-- Default suite -->
</testng-results>
