<?xml version="1.0" encoding="UTF-8"?>
<!-- Generated by org.testng.reporters.JUnitReportReporter -->
<testsuite hostname="MSI" failures="0" tests="2" name="SpecificationConcept.RequestBuilderSpecTest" time="4.065" errors="0" timestamp="2026-06-15T10:58:46 IST" skipped="0">
  <testcase classname="SpecificationConcept.RequestBuilderSpecTest" name="getUser_With_Queryparam_Request_Spec" time="3.427"/>
  <testcase classname="SpecificationConcept.RequestBuilderSpecTest" name="getUser_With_Request_Spec" time="0.638"/>
</testsuite> <!-- SpecificationConcept.RequestBuilderSpecTest -->
