<?xml version="1.0" encoding="UTF-8"?>
<!-- Generated by org.testng.reporters.JUnitReportReporter -->
<testsuite hostname="MSI" failures="0" tests="3" name="GETAPIs.GETAPIRequestTest" time="3.517" errors="0" timestamp="2026-06-14T22:18:08 IST" skipped="0">
  <testcase classname="GETAPIs.GETAPIRequestTest" name="getUserAPITest" time="2.212"/>
  <testcase classname="GETAPIs.GETAPIRequestTest" name="getUserWithQueryParamAPITest" time="0.691"/>
  <testcase classname="GETAPIs.GETAPIRequestTest" name="getUserWithQueryParamWithHashMapAPITest" time="0.614"/>
</testsuite> <!-- GETAPIs.GETAPIRequestTest -->
